(venv) sairamchran@SAI-book4:~/project-web/calculator1916154$ pytest --pylint --cov
/home/sairamchran/project-web/calculator1916154/venv/lib/python3.12/site-packages/pytest_pylint/plugin.py:223: PytestRemovedIn9Warning: The (path: py.path.local) argument is deprecated, please use (file_path: pathlib.Path)
see https://docs.pytest.org/en/latest/deprecations.html#py-path-local-arguments-for-hooks-replaced-with-pathlib-path
  def pytest_collect_file(self, path, parent):
=============================================================== test session starts ================================================================
platform linux -- Python 3.12.3, pytest-8.3.4, pluggy-1.5.0 -- /home/sairamchran/project-web/calculator1916154/venv/bin/python
cachedir: .pytest_cache
rootdir: /home/sairamchran/project-web/calculator1916154
configfile: pytest.ini
testpaths: tests
plugins: cov-6.0.0, pylint-0.21.0
collected 30 items

tests/__init__.py::PYLINT SKIPPED (file(s) previously passed pylint checks)                                                                  [  3%]
tests/test_calculation.py::PYLINT SKIPPED (file(s) previously passed pylint checks)                                                          [  6%]
tests/test_calculation.py::test_calculation_operations[a0-b0-add-expected0] PASSED                                                           [ 10%]
tests/test_calculation.py::test_calculation_operations[a1-b1-subtract-expected1] PASSED                                                      [ 13%]
tests/test_calculation.py::test_calculation_operations[a2-b2-multiply-expected2] PASSED                                                      [ 16%]
tests/test_calculation.py::test_calculation_operations[a3-b3-divide-expected3] PASSED                                                        [ 20%]
tests/test_calculation.py::test_calculation_operations[a4-b4-add-expected4] PASSED                                                           [ 23%]
tests/test_calculation.py::test_calculation_operations[a5-b5-subtract-expected5] PASSED                                                      [ 26%]
tests/test_calculation.py::test_calculation_operations[a6-b6-multiply-expected6] PASSED                                                      [ 30%]
tests/test_calculation.py::test_calculation_operations[a7-b7-divide-expected7] PASSED                                                        [ 33%]
tests/test_calculation.py::test_calculation_repr PASSED                                                                                      [ 36%]
tests/test_calculation.py::test_divide_by_zero PASSED                                                                                        [ 40%]
tests/test_calculations.py::PYLINT SKIPPED (file(s) previously passed pylint checks)                                                         [ 43%]
tests/test_calculations.py::test_add_calculation PASSED                                                                                      [ 46%]
tests/test_calculations.py::test_get_history PASSED                                                                                          [ 50%]
tests/test_calculations.py::test_clear_history PASSED                                                                                        [ 53%]
tests/test_calculations.py::test_get_latest PASSED                                                                                           [ 56%]
tests/test_calculations.py::test_find_by_operation PASSED                                                                                    [ 60%]
tests/test_calculations.py::test_get_latest_with_empty_history PASSED                                                                        [ 63%]
tests/test_calculator.py::PYLINT SKIPPED (file(s) previously passed pylint checks)                                                           [ 66%]
tests/test_calculator.py::test_addition PASSED                                                                                               [ 70%]
tests/test_calculator.py::test_subtraction PASSED                                                                                            [ 73%]
tests/test_calculator.py::test_divide PASSED                                                                                                 [ 76%]
tests/test_calculator.py::test_multiply PASSED                                                                                               [ 80%]
tests/test_operations.py::PYLINT SKIPPED (file(s) previously passed pylint checks)                                                           [ 83%]
tests/test_operations.py::test_operation_add PASSED                                                                                          [ 86%]
tests/test_operations.py::test_operation_subtract PASSED                                                                                     [ 90%]
tests/test_operations.py::test_operation_multiply PASSED                                                                                     [ 93%]
tests/test_operations.py::test_operation_divide PASSED                                                                                       [ 96%]
tests/test_operations.py::test_divide_by_zero PASSED                                                                                         [100%]

---------- coverage: platform linux, python 3.12.3-final-0 -----------
Name                         Stmts   Miss  Cover
------------------------------------------------
calculator/__init__.py          23      0   100%
calculator/calculation.py       15      0   100%
calculator/calculations.py      22      0   100%
calculator/operations.py        11      0   100%
tests/__init__.py                0      0   100%
tests/test_calculation.py       16      0   100%
tests/test_calculations.py      31      0   100%
tests/test_calculator.py         9      0   100%
tests/test_operations.py        20      0   100%
------------------------------------------------
TOTAL                          147      0   100%


========================================================== 25 passed, 5 skipped in 0.12s ===========================================================